<?xml version="1.0" encoding="UTF-8"?>
<!-- Generated by org.testng.reporters.JUnitReportReporter -->
<testsuite skipped="0" hostname="DivyaRishi" name="testngImplementation.CreateContactWithExistingOrgInfoTest" tests="1" failures="0" timestamp="17 May 2023 08:23:10 GMT" time="15.112" errors="0">
  <testcase name="createContactWithOrgTest" time="15.112" classname="testngImplementation.CreateContactWithExistingOrgInfoTest"/>
</testsuite> <!-- testngImplementation.CreateContactWithExistingOrgInfoTest -->
