<?xml version="1.0" encoding="UTF-8"?>
<!-- Generated by org.testng.reporters.JUnitReportReporter -->
<testsuite skipped="0" hostname="DivyaRishi" name="testngImplementation.CreateNewEventTest" tests="1" failures="0" timestamp="17 May 2023 08:34:59 GMT" time="12.286" errors="0">
  <testcase name="createNewEventTest" time="12.286" classname="testngImplementation.CreateNewEventTest"/>
</testsuite> <!-- testngImplementation.CreateNewEventTest -->
