<?xml version="1.0" encoding="UTF-8"?>
<!-- Generated by org.testng.reporters.JUnitReportReporter -->
<testsuite skipped="0" hostname="DivyaRishi" name="practice.TestClass2" tests="1" failures="0" timestamp="12 May 2023 11:49:53 GMT" time="0.008" errors="0">
  <testcase name="test1" time="0.008" classname="practice.TestClass2"/>
</testsuite> <!-- practice.TestClass2 -->
