<?xml version="1.0" encoding="UTF-8"?>
<!-- Generated by org.testng.reporters.JUnitReportReporter -->
<testsuite skipped="0" hostname="DivyaRishi" name="testngImplementation.CreateNewOrganizationTest" tests="1" failures="0" timestamp="19 May 2023 12:27:41 GMT" time="13.351" errors="0">
  <testcase name="createOrganizationTest" time="13.351" classname="testngImplementation.CreateNewOrganizationTest"/>
</testsuite> <!-- testngImplementation.CreateNewOrganizationTest -->
