<?xml version="1.0" encoding="UTF-8"?>
<!-- Generated by org.testng.reporters.JUnitReportReporter -->
<testsuite skipped="0" hostname="DivyaRishi" name="testngImplementation.CreateOrgWithIndustryAndTypeTest" tests="1" failures="0" timestamp="17 May 2023 08:40:07 GMT" time="14.250" errors="0">
  <testcase name="createOrgWithIndustryAndTypeTest" time="14.250" classname="testngImplementation.CreateOrgWithIndustryAndTypeTest"/>
</testsuite> <!-- testngImplementation.CreateOrgWithIndustryAndTypeTest -->
