<?xml version="1.0" encoding="UTF-8"?>
<!-- Generated by org.testng.reporters.JUnitReportReporter -->
<testsuite skipped="0" hostname="DivyaRishi" name="testngImplementation.DeleteLeadTest" tests="1" failures="0" timestamp="18 May 2023 11:55:43 GMT" time="21.195" errors="0">
  <testcase name="deleteLeadTest" time="21.195" classname="testngImplementation.DeleteLeadTest"/>
</testsuite> <!-- testngImplementation.DeleteLeadTest -->
