<?xml version="1.0" encoding="UTF-8"?>
<!-- Generated by org.testng.reporters.JUnitReportReporter -->
<testsuite skipped="0" hostname="DivyaRishi" name="testngImplementation.CreateContactsTest" tests="1" failures="0" timestamp="17 May 2023 09:04:46 GMT" time="13.419" errors="0">
  <testcase name="createContactTest" time="13.419" classname="testngImplementation.CreateContactsTest"/>
</testsuite> <!-- testngImplementation.CreateContactsTest -->
